[2019-06-07 09:09:34.272] [exthost] [info] extension host started
[2019-06-07 09:09:34.383] [exthost] [info] ExtensionService#_doActivateExtension vscode.debug-auto-launch {"startup":true,"activationEvent":"*"}
[2019-06-07 09:09:34.383] [exthost] [info] ExtensionService#loadCommonJSModule /usr/share/code/resources/app/extensions/debug-auto-launch/dist/extension
[2019-06-07 09:09:34.440] [exthost] [info] ExtensionService#_doActivateExtension vscode.emmet {"startup":true,"activationEvent":"*"}
[2019-06-07 09:09:34.440] [exthost] [info] ExtensionService#loadCommonJSModule /usr/share/code/resources/app/extensions/emmet/dist/extension
[2019-06-07 09:09:34.473] [exthost] [info] ExtensionService#_doActivateExtension vscode.git {"startup":true,"activationEvent":"*"}
[2019-06-07 09:09:34.473] [exthost] [info] ExtensionService#loadCommonJSModule /usr/share/code/resources/app/extensions/git/dist/main
[2019-06-07 09:09:34.763] [exthost] [info] ExtensionService#_doActivateExtension vscode.merge-conflict {"startup":true,"activationEvent":"*"}
[2019-06-07 09:09:34.763] [exthost] [info] ExtensionService#loadCommonJSModule /usr/share/code/resources/app/extensions/merge-conflict/dist/extension
[2019-06-07 09:09:34.794] [exthost] [info] ExtensionService#_doActivateExtension dbaeumer.vscode-eslint {"startup":true,"activationEvent":"*"}
[2019-06-07 09:09:34.794] [exthost] [info] ExtensionService#loadCommonJSModule /root/.vscode/extensions/dbaeumer.vscode-eslint-1.9.0/client/out/extension
[2019-06-07 09:09:34.984] [exthost] [info] ExtensionService#_doActivateExtension vscode-icons-team.vscode-icons {"startup":true,"activationEvent":"*"}
[2019-06-07 09:09:34.984] [exthost] [info] ExtensionService#loadCommonJSModule /root/.vscode/extensions/vscode-icons-team.vscode-icons-8.7.0/out/src/
[2019-06-07 09:09:35.321] [exthost] [info] eager extensions activated
[2019-06-07 09:09:38.675] [exthost] [info] ExtensionService#_doActivateExtension vscode.typescript-language-features {"startup":false,"activationEvent":"onLanguage:javascript"}
[2019-06-07 09:09:38.675] [exthost] [info] ExtensionService#loadCommonJSModule /usr/share/code/resources/app/extensions/typescript-language-features/dist/extension
[2019-06-07 09:09:38.969] [exthost] [info] ExtensionService#_doActivateExtension eg2.tslint {"startup":false,"activationEvent":"onLanguage:javascript"}
[2019-06-07 09:09:38.969] [exthost] [info] ExtensionService#loadCommonJSModule /root/.vscode/extensions/eg2.tslint-1.0.43/out/extension
[2019-06-07 09:11:58.011] [exthost] [info] ExtensionService#_doActivateExtension vscode.extension-editing {"startup":false,"activationEvent":"onLanguage:typescript"}
[2019-06-07 09:11:58.011] [exthost] [info] ExtensionService#loadCommonJSModule /usr/share/code/resources/app/extensions/extension-editing/dist/extension
[2019-06-07 09:12:23.424] [exthost] [info] ExtensionService#_doActivateExtension vscode.configuration-editing {"startup":false,"activationEvent":"onLanguage:jsonc"}
[2019-06-07 09:12:23.424] [exthost] [info] ExtensionService#loadCommonJSModule /usr/share/code/resources/app/extensions/configuration-editing/dist/extension
[2019-06-07 09:12:23.522] [exthost] [info] ExtensionService#_doActivateExtension vscode.json-language-features {"startup":false,"activationEvent":"onLanguage:jsonc"}
[2019-06-07 09:12:23.522] [exthost] [info] ExtensionService#loadCommonJSModule /usr/share/code/resources/app/extensions/json-language-features/client/dist/jsonMain
[2019-06-07 09:37:05.435] [exthost] [info] extension host started
[2019-06-07 09:37:05.459] [exthost] [info] ExtensionService#_doActivateExtension vscode.debug-auto-launch {"startup":true,"activationEvent":"*"}
[2019-06-07 09:37:05.459] [exthost] [info] ExtensionService#loadCommonJSModule /usr/share/code/resources/app/extensions/debug-auto-launch/dist/extension
[2019-06-07 09:37:05.465] [exthost] [info] ExtensionService#_doActivateExtension vscode.emmet {"startup":true,"activationEvent":"*"}
[2019-06-07 09:37:05.465] [exthost] [info] ExtensionService#loadCommonJSModule /usr/share/code/resources/app/extensions/emmet/dist/extension
[2019-06-07 09:37:05.481] [exthost] [info] ExtensionService#_doActivateExtension vscode.git {"startup":true,"activationEvent":"*"}
[2019-06-07 09:37:05.481] [exthost] [info] ExtensionService#loadCommonJSModule /usr/share/code/resources/app/extensions/git/dist/main
[2019-06-07 09:37:05.577] [exthost] [info] ExtensionService#_doActivateExtension vscode.merge-conflict {"startup":true,"activationEvent":"*"}
[2019-06-07 09:37:05.577] [exthost] [info] ExtensionService#loadCommonJSModule /usr/share/code/resources/app/extensions/merge-conflict/dist/extension
[2019-06-07 09:37:05.582] [exthost] [info] ExtensionService#_doActivateExtension dbaeumer.vscode-eslint {"startup":true,"activationEvent":"*"}
[2019-06-07 09:37:05.582] [exthost] [info] ExtensionService#loadCommonJSModule /root/.vscode/extensions/dbaeumer.vscode-eslint-1.9.0/client/out/extension
[2019-06-07 09:37:05.623] [exthost] [info] ExtensionService#_doActivateExtension vscode-icons-team.vscode-icons {"startup":true,"activationEvent":"*"}
[2019-06-07 09:37:05.623] [exthost] [info] ExtensionService#loadCommonJSModule /root/.vscode/extensions/vscode-icons-team.vscode-icons-8.7.0/out/src/
[2019-06-07 09:37:05.683] [exthost] [info] eager extensions activated
[2019-06-07 09:37:18.434] [exthost] [info] extension host started
[2019-06-07 09:37:18.450] [exthost] [info] ExtensionService#_doActivateExtension vscode.debug-auto-launch {"startup":true,"activationEvent":"*"}
[2019-06-07 09:37:18.450] [exthost] [info] ExtensionService#loadCommonJSModule /usr/share/code/resources/app/extensions/debug-auto-launch/dist/extension
[2019-06-07 09:37:18.456] [exthost] [info] ExtensionService#_doActivateExtension vscode.emmet {"startup":true,"activationEvent":"*"}
[2019-06-07 09:37:18.456] [exthost] [info] ExtensionService#loadCommonJSModule /usr/share/code/resources/app/extensions/emmet/dist/extension
[2019-06-07 09:37:18.471] [exthost] [info] ExtensionService#_doActivateExtension vscode.git {"startup":true,"activationEvent":"*"}
[2019-06-07 09:37:18.471] [exthost] [info] ExtensionService#loadCommonJSModule /usr/share/code/resources/app/extensions/git/dist/main
[2019-06-07 09:37:18.572] [exthost] [info] ExtensionService#_doActivateExtension vscode.merge-conflict {"startup":true,"activationEvent":"*"}
[2019-06-07 09:37:18.572] [exthost] [info] ExtensionService#loadCommonJSModule /usr/share/code/resources/app/extensions/merge-conflict/dist/extension
[2019-06-07 09:37:18.580] [exthost] [info] ExtensionService#_doActivateExtension dbaeumer.vscode-eslint {"startup":true,"activationEvent":"*"}
[2019-06-07 09:37:18.580] [exthost] [info] ExtensionService#loadCommonJSModule /root/.vscode/extensions/dbaeumer.vscode-eslint-1.9.0/client/out/extension
[2019-06-07 09:37:18.624] [exthost] [info] ExtensionService#_doActivateExtension vscode-icons-team.vscode-icons {"startup":true,"activationEvent":"*"}
[2019-06-07 09:37:18.624] [exthost] [info] ExtensionService#loadCommonJSModule /root/.vscode/extensions/vscode-icons-team.vscode-icons-8.7.0/out/src/
[2019-06-07 09:37:18.704] [exthost] [info] eager extensions activated
[2019-06-07 09:37:28.997] [exthost] [info] ExtensionService#_doActivateExtension vscode.extension-editing {"startup":false,"activationEvent":"onLanguage:typescript"}
[2019-06-07 09:37:28.997] [exthost] [info] ExtensionService#loadCommonJSModule /usr/share/code/resources/app/extensions/extension-editing/dist/extension
[2019-06-07 09:37:29.062] [exthost] [info] ExtensionService#_doActivateExtension vscode.typescript-language-features {"startup":false,"activationEvent":"onLanguage:typescript"}
[2019-06-07 09:37:29.062] [exthost] [info] ExtensionService#loadCommonJSModule /usr/share/code/resources/app/extensions/typescript-language-features/dist/extension
[2019-06-07 09:37:29.220] [exthost] [info] ExtensionService#_doActivateExtension eg2.tslint {"startup":false,"activationEvent":"onLanguage:typescript"}
[2019-06-07 09:37:29.220] [exthost] [info] ExtensionService#loadCommonJSModule /root/.vscode/extensions/eg2.tslint-1.0.43/out/extension
[2019-06-07 09:38:04.415] [exthost] [info] ExtensionService#_doActivateExtension vscode.configuration-editing {"startup":false,"activationEvent":"onLanguage:jsonc"}
[2019-06-07 09:38:04.415] [exthost] [info] ExtensionService#loadCommonJSModule /usr/share/code/resources/app/extensions/configuration-editing/dist/extension
[2019-06-07 09:38:04.432] [exthost] [info] ExtensionService#_doActivateExtension vscode.json-language-features {"startup":false,"activationEvent":"onLanguage:jsonc"}
[2019-06-07 09:38:04.432] [exthost] [info] ExtensionService#loadCommonJSModule /usr/share/code/resources/app/extensions/json-language-features/client/dist/jsonMain
[2019-06-07 12:17:22.775] [exthost] [info] ExtensionService#_doActivateExtension ms-vscode.node-debug2 {"startup":false,"activationEvent":"onDebugInitialConfigurations"}
[2019-06-07 12:17:22.775] [exthost] [info] ExtensionService#loadCommonJSModule /usr/share/code/resources/app/extensions/ms-vscode.node-debug2/out/src/extension
[2019-06-07 12:17:22.874] [exthost] [info] ExtensionService#_doActivateExtension ms-vscode.node-debug {"startup":false,"activationEvent":"onDebugInitialConfigurations"}
[2019-06-07 12:17:22.874] [exthost] [info] ExtensionService#loadCommonJSModule /usr/share/code/resources/app/extensions/ms-vscode.node-debug/dist/extension.js
[2019-06-07 12:17:32.799] [exthost] [info] ExtensionService#_doActivateExtension vscode.debug-server-ready {"startup":false,"activationEvent":"onDebugResolve"}
[2019-06-07 12:17:32.799] [exthost] [info] ExtensionService#loadCommonJSModule /usr/share/code/resources/app/extensions/debug-server-ready/dist/extension
[2019-06-07 14:08:27.927] [exthost] [info] ExtensionService#_doActivateExtension vscode.html-language-features {"startup":false,"activationEvent":"onLanguage:html"}
[2019-06-07 14:08:27.936] [exthost] [info] ExtensionService#loadCommonJSModule /usr/share/code/resources/app/extensions/html-language-features/client/dist/htmlMain
[2019-06-07 15:18:37.884] [exthost] [info] extension host started
[2019-06-07 15:18:38.433] [exthost] [info] ExtensionService#_doActivateExtension vscode.typescript-language-features {"startup":false,"activationEvent":"onLanguage:javascript"}
[2019-06-07 15:18:38.433] [exthost] [info] ExtensionService#loadCommonJSModule /usr/share/code/resources/app/extensions/typescript-language-features/dist/extension
[2019-06-07 15:18:38.562] [exthost] [info] ExtensionService#_doActivateExtension eg2.tslint {"startup":false,"activationEvent":"onLanguage:javascript"}
[2019-06-07 15:18:38.562] [exthost] [info] ExtensionService#loadCommonJSModule /root/.vscode/extensions/eg2.tslint-1.0.43/out/extension
[2019-06-07 15:18:38.925] [exthost] [info] ExtensionService#_doActivateExtension vscode.debug-auto-launch {"startup":true,"activationEvent":"*"}
[2019-06-07 15:18:38.925] [exthost] [info] ExtensionService#loadCommonJSModule /usr/share/code/resources/app/extensions/debug-auto-launch/dist/extension
[2019-06-07 15:18:38.970] [exthost] [info] ExtensionService#_doActivateExtension vscode.emmet {"startup":true,"activationEvent":"*"}
[2019-06-07 15:18:38.970] [exthost] [info] ExtensionService#loadCommonJSModule /usr/share/code/resources/app/extensions/emmet/dist/extension
[2019-06-07 15:18:39.011] [exthost] [info] ExtensionService#_doActivateExtension vscode.git {"startup":true,"activationEvent":"*"}
[2019-06-07 15:18:39.011] [exthost] [info] ExtensionService#loadCommonJSModule /usr/share/code/resources/app/extensions/git/dist/main
[2019-06-07 15:18:39.136] [exthost] [info] ExtensionService#_doActivateExtension vscode.merge-conflict {"startup":true,"activationEvent":"*"}
[2019-06-07 15:18:39.136] [exthost] [info] ExtensionService#loadCommonJSModule /usr/share/code/resources/app/extensions/merge-conflict/dist/extension
[2019-06-07 15:18:39.165] [exthost] [info] ExtensionService#_doActivateExtension dbaeumer.vscode-eslint {"startup":true,"activationEvent":"*"}
[2019-06-07 15:18:39.165] [exthost] [info] ExtensionService#loadCommonJSModule /root/.vscode/extensions/dbaeumer.vscode-eslint-1.9.0/client/out/extension
[2019-06-07 15:18:39.270] [exthost] [info] ExtensionService#_doActivateExtension vscode-icons-team.vscode-icons {"startup":true,"activationEvent":"*"}
[2019-06-07 15:18:39.270] [exthost] [info] ExtensionService#loadCommonJSModule /root/.vscode/extensions/vscode-icons-team.vscode-icons-8.7.0/out/src/
[2019-06-07 15:18:39.623] [exthost] [info] eager extensions activated
[2019-06-08 06:26:52.411] [exthost] [info] ExtensionService#_doActivateExtension vscode.extension-editing {"startup":false,"activationEvent":"onLanguage:typescript"}
[2019-06-08 06:26:52.411] [exthost] [info] ExtensionService#loadCommonJSModule /usr/share/code/resources/app/extensions/extension-editing/dist/extension
[2019-06-08 06:27:08.174] [exthost] [info] ExtensionService#_doActivateExtension vscode.configuration-editing {"startup":false,"activationEvent":"onLanguage:jsonc"}
[2019-06-08 06:27:08.175] [exthost] [info] ExtensionService#loadCommonJSModule /usr/share/code/resources/app/extensions/configuration-editing/dist/extension
[2019-06-08 06:27:08.290] [exthost] [info] ExtensionService#_doActivateExtension vscode.json-language-features {"startup":false,"activationEvent":"onLanguage:jsonc"}
[2019-06-08 06:27:08.290] [exthost] [info] ExtensionService#loadCommonJSModule /usr/share/code/resources/app/extensions/json-language-features/client/dist/jsonMain
[2019-06-08 07:09:30.144] [exthost] [info] ExtensionService#_doActivateExtension vscode.npm {"startup":false,"activationEvent":"onLanguage:json"}
[2019-06-08 07:09:30.144] [exthost] [info] ExtensionService#loadCommonJSModule /usr/share/code/resources/app/extensions/npm/dist/main
[2019-06-08 07:16:10.747] [exthost] [info] extension host started
[2019-06-08 07:16:10.808] [exthost] [info] ExtensionService#_doActivateExtension vscode.debug-auto-launch {"startup":true,"activationEvent":"*"}
[2019-06-08 07:16:10.808] [exthost] [info] ExtensionService#loadCommonJSModule /usr/share/code/resources/app/extensions/debug-auto-launch/dist/extension
[2019-06-08 07:16:10.857] [exthost] [info] ExtensionService#_doActivateExtension vscode.emmet {"startup":true,"activationEvent":"*"}
[2019-06-08 07:16:10.857] [exthost] [info] ExtensionService#loadCommonJSModule /usr/share/code/resources/app/extensions/emmet/dist/extension
[2019-06-08 07:16:10.873] [exthost] [info] ExtensionService#_doActivateExtension vscode.git {"startup":true,"activationEvent":"*"}
[2019-06-08 07:16:10.873] [exthost] [info] ExtensionService#loadCommonJSModule /usr/share/code/resources/app/extensions/git/dist/main
[2019-06-08 07:16:10.990] [exthost] [info] ExtensionService#_doActivateExtension vscode.merge-conflict {"startup":true,"activationEvent":"*"}
[2019-06-08 07:16:10.990] [exthost] [info] ExtensionService#loadCommonJSModule /usr/share/code/resources/app/extensions/merge-conflict/dist/extension
[2019-06-08 07:16:11.006] [exthost] [info] ExtensionService#_doActivateExtension dbaeumer.vscode-eslint {"startup":true,"activationEvent":"*"}
[2019-06-08 07:16:11.006] [exthost] [info] ExtensionService#loadCommonJSModule /root/.vscode/extensions/dbaeumer.vscode-eslint-1.9.0/client/out/extension
[2019-06-08 07:16:11.107] [exthost] [info] ExtensionService#_doActivateExtension vscode-icons-team.vscode-icons {"startup":true,"activationEvent":"*"}
[2019-06-08 07:16:11.107] [exthost] [info] ExtensionService#loadCommonJSModule /root/.vscode/extensions/vscode-icons-team.vscode-icons-8.7.0/out/src/
[2019-06-08 07:16:11.498] [exthost] [info] eager extensions activated
[2019-06-08 07:16:11.993] [exthost] [info] ExtensionService#_doActivateExtension vscode.configuration-editing {"startup":false,"activationEvent":"onLanguage:json"}
[2019-06-08 07:16:11.993] [exthost] [info] ExtensionService#loadCommonJSModule /usr/share/code/resources/app/extensions/configuration-editing/dist/extension
[2019-06-08 07:16:12.038] [exthost] [info] ExtensionService#_doActivateExtension vscode.extension-editing {"startup":false,"activationEvent":"onLanguage:json"}
[2019-06-08 07:16:12.038] [exthost] [info] ExtensionService#loadCommonJSModule /usr/share/code/resources/app/extensions/extension-editing/dist/extension
[2019-06-08 07:16:12.107] [exthost] [info] ExtensionService#_doActivateExtension vscode.json-language-features {"startup":false,"activationEvent":"onLanguage:json"}
[2019-06-08 07:16:12.107] [exthost] [info] ExtensionService#loadCommonJSModule /usr/share/code/resources/app/extensions/json-language-features/client/dist/jsonMain
[2019-06-08 07:16:12.242] [exthost] [info] ExtensionService#_doActivateExtension vscode.npm {"startup":false,"activationEvent":"onLanguage:json"}
[2019-06-08 07:16:12.242] [exthost] [info] ExtensionService#loadCommonJSModule /usr/share/code/resources/app/extensions/npm/dist/main
[2019-06-08 07:16:13.715] [exthost] [info] ExtensionService#_doActivateExtension vscode.typescript-language-features {"startup":false,"activationEvent":"onLanguage:jsonc"}
[2019-06-08 07:16:13.716] [exthost] [info] ExtensionService#loadCommonJSModule /usr/share/code/resources/app/extensions/typescript-language-features/dist/extension
[2019-06-08 07:32:42.358] [exthost] [info] extension host started
[2019-06-08 07:32:42.451] [exthost] [info] ExtensionService#_doActivateExtension vscode.configuration-editing {"startup":false,"activationEvent":"onLanguage:json"}
[2019-06-08 07:32:42.451] [exthost] [info] ExtensionService#loadCommonJSModule /usr/share/code/resources/app/extensions/configuration-editing/dist/extension
[2019-06-08 07:32:42.469] [exthost] [info] ExtensionService#_doActivateExtension vscode.extension-editing {"startup":false,"activationEvent":"onLanguage:json"}
[2019-06-08 07:32:42.469] [exthost] [info] ExtensionService#loadCommonJSModule /usr/share/code/resources/app/extensions/extension-editing/dist/extension
[2019-06-08 07:32:42.555] [exthost] [info] ExtensionService#_doActivateExtension vscode.json-language-features {"startup":false,"activationEvent":"onLanguage:json"}
[2019-06-08 07:32:42.555] [exthost] [info] ExtensionService#loadCommonJSModule /usr/share/code/resources/app/extensions/json-language-features/client/dist/jsonMain
[2019-06-08 07:32:42.704] [exthost] [info] ExtensionService#_doActivateExtension vscode.npm {"startup":false,"activationEvent":"onLanguage:json"}
[2019-06-08 07:32:42.704] [exthost] [info] ExtensionService#loadCommonJSModule /usr/share/code/resources/app/extensions/npm/dist/main
[2019-06-08 07:32:42.782] [exthost] [info] ExtensionService#_doActivateExtension vscode.debug-auto-launch {"startup":true,"activationEvent":"*"}
[2019-06-08 07:32:42.782] [exthost] [info] ExtensionService#loadCommonJSModule /usr/share/code/resources/app/extensions/debug-auto-launch/dist/extension
[2019-06-08 07:32:42.790] [exthost] [info] ExtensionService#_doActivateExtension vscode.emmet {"startup":true,"activationEvent":"*"}
[2019-06-08 07:32:42.790] [exthost] [info] ExtensionService#loadCommonJSModule /usr/share/code/resources/app/extensions/emmet/dist/extension
[2019-06-08 07:32:42.849] [exthost] [info] ExtensionService#_doActivateExtension vscode.git {"startup":true,"activationEvent":"*"}
[2019-06-08 07:32:42.849] [exthost] [info] ExtensionService#loadCommonJSModule /usr/share/code/resources/app/extensions/git/dist/main
[2019-06-08 07:32:43.145] [exthost] [info] ExtensionService#_doActivateExtension vscode.merge-conflict {"startup":true,"activationEvent":"*"}
[2019-06-08 07:32:43.145] [exthost] [info] ExtensionService#loadCommonJSModule /usr/share/code/resources/app/extensions/merge-conflict/dist/extension
[2019-06-08 07:32:43.154] [exthost] [info] ExtensionService#_doActivateExtension dbaeumer.vscode-eslint {"startup":true,"activationEvent":"*"}
[2019-06-08 07:32:43.154] [exthost] [info] ExtensionService#loadCommonJSModule /root/.vscode/extensions/dbaeumer.vscode-eslint-1.9.0/client/out/extension
[2019-06-08 07:32:43.257] [exthost] [info] ExtensionService#_doActivateExtension vscode-icons-team.vscode-icons {"startup":true,"activationEvent":"*"}
[2019-06-08 07:32:43.257] [exthost] [info] ExtensionService#loadCommonJSModule /root/.vscode/extensions/vscode-icons-team.vscode-icons-8.7.0/out/src/
[2019-06-08 07:32:43.411] [exthost] [info] eager extensions activated
[2019-06-08 07:32:43.873] [exthost] [info] ExtensionService#_doActivateExtension vscode.typescript-language-features {"startup":false,"activationEvent":"onLanguage:jsonc"}
[2019-06-08 07:32:43.873] [exthost] [info] ExtensionService#loadCommonJSModule /usr/share/code/resources/app/extensions/typescript-language-features/dist/extension
[2019-06-08 07:32:59.505] [exthost] [info] ExtensionService#_doActivateExtension eg2.tslint {"startup":false,"activationEvent":"onLanguage:typescript"}
[2019-06-08 07:32:59.505] [exthost] [info] ExtensionService#loadCommonJSModule /root/.vscode/extensions/eg2.tslint-1.0.43/out/extension
[2019-06-08 07:41:44.861] [exthost] [error] [vscode.typescript-language-features] provider FAILED
[2019-06-08 07:41:44.863] [exthost] [error] Error: TypeScript Server Error (3.4.5)
this.toPath is not a function
TypeError: this.toPath is not a function
    at Object.Project.fileExists (tsserver.js:124700:33)
    at tryGetModuleNameAsNodeModule (tsserver.js:92598:43)
    at tsserver.js:92438:88
    at Object.mapDefined (tsserver.js:668:30)
    at Object.getModuleSpecifiers (tsserver.js:92438:29)
    at getSpecifierForModuleSymbol (tsserver.js:34977:62)
    at tsserver.js:34855:39
    at Array.map (<anonymous>)
    at getSymbolChain (tsserver.js:34853:58)
    at lookupSymbolChain (tsserver.js:34837:52)
    at symbolToTypeNode (tsserver.js:34984:29)
    at typeReferenceToTypeNode (tsserver.js:34506:40)
    at typeToTypeNodeHelper (tsserver.js:34241:28)
    at mapToTypeNodes (tsserver.js:34693:40)
    at typeToTypeNodeHelper (tsserver.js:34274:37)
    at addPropertyToElementList (tsserver.js:34649:59)
    at createTypeNodesFromResolvedType (tsserver.js:34599:25)
    at createTypeNodeFromObjectType (tsserver.js:34429:35)
    at createAnonymousTypeNode (tsserver.js:34389:32)
    at typeToTypeNodeHelper (tsserver.js:34289:28)
    at addPropertyToElementList (tsserver.js:34649:59)
    at createTypeNodesFromResolvedType (tsserver.js:34599:25)
    at createTypeNodeFromObjectType (tsserver.js:34429:35)
    at createAnonymousTypeNode (tsserver.js:34389:32)
    at typeToTypeNodeHelper (tsserver.js:34289:28)
    at tsserver.js:34080:106
    at withContext (tsserver.js:34121:37)
    at Object.typeToTypeNode (tsserver.js:34080:28)
    at Object.getTypeNodeIfAccessible (tsserver.js:96967:27)
    at annotate (tsserver.js:112118:31)
    at annotateParameters (tsserver.js:112095:25)
    at doChange (tsserver.js:112047:25)
    at tsserver.js:111950:109
    at Function.ChangeTracker.with (tsserver.js:110610:17)
    at Object.getCodeActions (tsserver.js:111950:64)
    at tsserver.js:111596:121
    at Object.flatMap (tsserver.js:571:25)
    at Object.getFixes (tsserver.js:111596:23)
    at tsserver.js:121245:35
    at Object.flatMap (tsserver.js:571:25)
    at Object.getCodeFixesAtPosition (tsserver.js:121243:23)
    at IOSession.Session.getCodeFixes (tsserver.js:130292:64)
    at Session.handlers.ts.createMapFromTemplate._a.(anonymous function) (tsserver.js:129048:61)
    at tsserver.js:130466:88
    at IOSession.Session.executeWithRequestId (tsserver.js:130457:28)
    at IOSession.Session.executeCommand (tsserver.js:130466:33)
    at IOSession.Session.onMessage (tsserver.js:130488:35)
    at Interface.<anonymous> (tsserver.js:131789:27)
    at Interface.emit (events.js:182:13)
    at Interface._onLine (readline.js:290:10)
    at Interface._normalWrite (readline.js:433:12)
    at Socket.ondata (readline.js:149:10)
    at Socket.emit (events.js:182:13)
    at addChunk (_stream_readable.js:279:12)
    at readableAddChunk (_stream_readable.js:264:11)
    at Socket.Readable.push (_stream_readable.js:219:10)
    at Pipe.onread (net.js:636:20)
	at Function.create (/usr/share/code/resources/app/extensions/typescript-language-features/dist/extension.js:1:176329)
	at v.dispatchResponse (/usr/share/code/resources/app/extensions/typescript-language-features/dist/extension.js:1:181697)
	at v.dispatchMessage (/usr/share/code/resources/app/extensions/typescript-language-features/dist/extension.js:1:180449)
	at constructor._reader.onData.e (/usr/share/code/resources/app/extensions/typescript-language-features/dist/extension.js:1:179805)
	at u.fire (/usr/share/code/resources/app/out/vs/workbench/services/extensions/node/extensionHostProcess.js:47:720)
	at t.Reader.onLengthData (/usr/share/code/resources/app/extensions/typescript-language-features/dist/extension.js:1:185678)
	at Socket.t.Reader.constructor.e.on.e (/usr/share/code/resources/app/extensions/typescript-language-features/dist/extension.js:1:185326)
	at Socket.emit (events.js:182:13)
	at addChunk (_stream_readable.js:279:12)
	at readableAddChunk (_stream_readable.js:264:11)
	at Socket.Readable.push (_stream_readable.js:219:10)
	at Pipe.onread (net.js:636:20)
[2019-06-08 08:19:17.615] [exthost] [error] [vscode.typescript-language-features] provider FAILED
[2019-06-08 08:19:17.615] [exthost] [error] Error: TypeScript Server Error (3.4.5)
this.toPath is not a function
TypeError: this.toPath is not a function
    at Object.Project.fileExists (tsserver.js:124700:33)
    at tryGetModuleNameAsNodeModule (tsserver.js:92598:43)
    at tsserver.js:92438:88
    at Object.mapDefined (tsserver.js:668:30)
    at Object.getModuleSpecifiers (tsserver.js:92438:29)
    at getSpecifierForModuleSymbol (tsserver.js:34977:62)
    at tsserver.js:34855:39
    at Array.map (<anonymous>)
    at getSymbolChain (tsserver.js:34853:58)
    at lookupSymbolChain (tsserver.js:34837:52)
    at symbolToTypeNode (tsserver.js:34984:29)
    at typeReferenceToTypeNode (tsserver.js:34506:40)
    at typeToTypeNodeHelper (tsserver.js:34241:28)
    at mapToTypeNodes (tsserver.js:34693:40)
    at typeToTypeNodeHelper (tsserver.js:34274:37)
    at addPropertyToElementList (tsserver.js:34649:59)
    at createTypeNodesFromResolvedType (tsserver.js:34599:25)
    at createTypeNodeFromObjectType (tsserver.js:34429:35)
    at createAnonymousTypeNode (tsserver.js:34389:32)
    at typeToTypeNodeHelper (tsserver.js:34289:28)
    at addPropertyToElementList (tsserver.js:34649:59)
    at createTypeNodesFromResolvedType (tsserver.js:34599:25)
    at createTypeNodeFromObjectType (tsserver.js:34429:35)
    at createAnonymousTypeNode (tsserver.js:34389:32)
    at typeToTypeNodeHelper (tsserver.js:34289:28)
    at tsserver.js:34080:106
    at withContext (tsserver.js:34121:37)
    at Object.typeToTypeNode (tsserver.js:34080:28)
    at Object.getTypeNodeIfAccessible (tsserver.js:96967:27)
    at annotate (tsserver.js:112118:31)
    at annotateParameters (tsserver.js:112095:25)
    at doChange (tsserver.js:112047:25)
    at tsserver.js:111950:109
    at Function.ChangeTracker.with (tsserver.js:110610:17)
    at Object.getCodeActions (tsserver.js:111950:64)
    at tsserver.js:111596:121
    at Object.flatMap (tsserver.js:571:25)
    at Object.getFixes (tsserver.js:111596:23)
    at tsserver.js:121245:35
    at Object.flatMap (tsserver.js:571:25)
    at Object.getCodeFixesAtPosition (tsserver.js:121243:23)
    at IOSession.Session.getCodeFixes (tsserver.js:130292:64)
    at Session.handlers.ts.createMapFromTemplate._a.(anonymous function) (tsserver.js:129048:61)
    at tsserver.js:130466:88
    at IOSession.Session.executeWithRequestId (tsserver.js:130457:28)
    at IOSession.Session.executeCommand (tsserver.js:130466:33)
    at IOSession.Session.onMessage (tsserver.js:130488:35)
    at Interface.<anonymous> (tsserver.js:131789:27)
    at Interface.emit (events.js:182:13)
    at Interface._onLine (readline.js:290:10)
    at Interface._normalWrite (readline.js:433:12)
    at Socket.ondata (readline.js:149:10)
    at Socket.emit (events.js:182:13)
    at addChunk (_stream_readable.js:279:12)
    at readableAddChunk (_stream_readable.js:264:11)
    at Socket.Readable.push (_stream_readable.js:219:10)
    at Pipe.onread (net.js:636:20)
	at Function.create (/usr/share/code/resources/app/extensions/typescript-language-features/dist/extension.js:1:176329)
	at v.dispatchResponse (/usr/share/code/resources/app/extensions/typescript-language-features/dist/extension.js:1:181697)
	at v.dispatchMessage (/usr/share/code/resources/app/extensions/typescript-language-features/dist/extension.js:1:180449)
	at constructor._reader.onData.e (/usr/share/code/resources/app/extensions/typescript-language-features/dist/extension.js:1:179805)
	at u.fire (/usr/share/code/resources/app/out/vs/workbench/services/extensions/node/extensionHostProcess.js:47:720)
	at t.Reader.onLengthData (/usr/share/code/resources/app/extensions/typescript-language-features/dist/extension.js:1:185678)
	at Socket.t.Reader.constructor.e.on.e (/usr/share/code/resources/app/extensions/typescript-language-features/dist/extension.js:1:185326)
	at Socket.emit (events.js:182:13)
	at addChunk (_stream_readable.js:279:12)
	at readableAddChunk (_stream_readable.js:264:11)
	at Socket.Readable.push (_stream_readable.js:219:10)
	at Pipe.onread (net.js:636:20)
[2019-06-08 08:19:22.738] [exthost] [error] [vscode.typescript-language-features] provider FAILED
[2019-06-08 08:19:22.738] [exthost] [error] Error: TypeScript Server Error (3.4.5)
this.toPath is not a function
TypeError: this.toPath is not a function
    at Object.Project.fileExists (tsserver.js:124700:33)
    at tryGetModuleNameAsNodeModule (tsserver.js:92598:43)
    at tsserver.js:92438:88
    at Object.mapDefined (tsserver.js:668:30)
    at Object.getModuleSpecifiers (tsserver.js:92438:29)
    at getSpecifierForModuleSymbol (tsserver.js:34977:62)
    at tsserver.js:34855:39
    at Array.map (<anonymous>)
    at getSymbolChain (tsserver.js:34853:58)
    at lookupSymbolChain (tsserver.js:34837:52)
    at symbolToTypeNode (tsserver.js:34984:29)
    at typeReferenceToTypeNode (tsserver.js:34506:40)
    at typeToTypeNodeHelper (tsserver.js:34241:28)
    at mapToTypeNodes (tsserver.js:34693:40)
    at typeToTypeNodeHelper (tsserver.js:34274:37)
    at addPropertyToElementList (tsserver.js:34649:59)
    at createTypeNodesFromResolvedType (tsserver.js:34599:25)
    at createTypeNodeFromObjectType (tsserver.js:34429:35)
    at createAnonymousTypeNode (tsserver.js:34389:32)
    at typeToTypeNodeHelper (tsserver.js:34289:28)
    at addPropertyToElementList (tsserver.js:34649:59)
    at createTypeNodesFromResolvedType (tsserver.js:34599:25)
    at createTypeNodeFromObjectType (tsserver.js:34429:35)
    at createAnonymousTypeNode (tsserver.js:34389:32)
    at typeToTypeNodeHelper (tsserver.js:34289:28)
    at tsserver.js:34080:106
    at withContext (tsserver.js:34121:37)
    at Object.typeToTypeNode (tsserver.js:34080:28)
    at Object.getTypeNodeIfAccessible (tsserver.js:96967:27)
    at annotate (tsserver.js:112118:31)
    at annotateParameters (tsserver.js:112095:25)
    at doChange (tsserver.js:112047:25)
    at tsserver.js:111950:109
    at Function.ChangeTracker.with (tsserver.js:110610:17)
    at Object.getCodeActions (tsserver.js:111950:64)
    at tsserver.js:111596:121
    at Object.flatMap (tsserver.js:571:25)
    at Object.getFixes (tsserver.js:111596:23)
    at tsserver.js:121245:35
    at Object.flatMap (tsserver.js:571:25)
    at Object.getCodeFixesAtPosition (tsserver.js:121243:23)
    at IOSession.Session.getCodeFixes (tsserver.js:130292:64)
    at Session.handlers.ts.createMapFromTemplate._a.(anonymous function) (tsserver.js:129048:61)
    at tsserver.js:130466:88
    at IOSession.Session.executeWithRequestId (tsserver.js:130457:28)
    at IOSession.Session.executeCommand (tsserver.js:130466:33)
    at IOSession.Session.onMessage (tsserver.js:130488:35)
    at Interface.<anonymous> (tsserver.js:131789:27)
    at Interface.emit (events.js:182:13)
    at Interface._onLine (readline.js:290:10)
    at Interface._normalWrite (readline.js:433:12)
    at Socket.ondata (readline.js:149:10)
    at Socket.emit (events.js:182:13)
    at addChunk (_stream_readable.js:279:12)
    at readableAddChunk (_stream_readable.js:264:11)
    at Socket.Readable.push (_stream_readable.js:219:10)
    at Pipe.onread (net.js:636:20)
	at Function.create (/usr/share/code/resources/app/extensions/typescript-language-features/dist/extension.js:1:176329)
	at v.dispatchResponse (/usr/share/code/resources/app/extensions/typescript-language-features/dist/extension.js:1:181697)
	at v.dispatchMessage (/usr/share/code/resources/app/extensions/typescript-language-features/dist/extension.js:1:180449)
	at constructor._reader.onData.e (/usr/share/code/resources/app/extensions/typescript-language-features/dist/extension.js:1:179805)
	at u.fire (/usr/share/code/resources/app/out/vs/workbench/services/extensions/node/extensionHostProcess.js:47:720)
	at t.Reader.onLengthData (/usr/share/code/resources/app/extensions/typescript-language-features/dist/extension.js:1:185678)
	at Socket.t.Reader.constructor.e.on.e (/usr/share/code/resources/app/extensions/typescript-language-features/dist/extension.js:1:185326)
	at Socket.emit (events.js:182:13)
	at addChunk (_stream_readable.js:279:12)
	at readableAddChunk (_stream_readable.js:264:11)
	at Socket.Readable.push (_stream_readable.js:219:10)
	at Pipe.onread (net.js:636:20)
[2019-06-08 08:19:31.407] [exthost] [error] [vscode.typescript-language-features] provider FAILED
[2019-06-08 08:19:31.408] [exthost] [error] Error: TypeScript Server Error (3.4.5)
this.toPath is not a function
TypeError: this.toPath is not a function
    at Object.Project.fileExists (tsserver.js:124700:33)
    at tryGetModuleNameAsNodeModule (tsserver.js:92598:43)
    at tsserver.js:92438:88
    at Object.mapDefined (tsserver.js:668:30)
    at Object.getModuleSpecifiers (tsserver.js:92438:29)
    at getSpecifierForModuleSymbol (tsserver.js:34977:62)
    at tsserver.js:34855:39
    at Array.map (<anonymous>)
    at getSymbolChain (tsserver.js:34853:58)
    at lookupSymbolChain (tsserver.js:34837:52)
    at symbolToTypeNode (tsserver.js:34984:29)
    at typeReferenceToTypeNode (tsserver.js:34506:40)
    at typeToTypeNodeHelper (tsserver.js:34241:28)
    at mapToTypeNodes (tsserver.js:34693:40)
    at typeToTypeNodeHelper (tsserver.js:34274:37)
    at addPropertyToElementList (tsserver.js:34649:59)
    at createTypeNodesFromResolvedType (tsserver.js:34599:25)
    at createTypeNodeFromObjectType (tsserver.js:34429:35)
    at createAnonymousTypeNode (tsserver.js:34389:32)
    at typeToTypeNodeHelper (tsserver.js:34289:28)
    at addPropertyToElementList (tsserver.js:34649:59)
    at createTypeNodesFromResolvedType (tsserver.js:34599:25)
    at createTypeNodeFromObjectType (tsserver.js:34429:35)
    at createAnonymousTypeNode (tsserver.js:34389:32)
    at typeToTypeNodeHelper (tsserver.js:34289:28)
    at tsserver.js:34080:106
    at withContext (tsserver.js:34121:37)
    at Object.typeToTypeNode (tsserver.js:34080:28)
    at Object.getTypeNodeIfAccessible (tsserver.js:96967:27)
    at annotate (tsserver.js:112118:31)
    at annotateParameters (tsserver.js:112095:25)
    at doChange (tsserver.js:112047:25)
    at tsserver.js:111950:109
    at Function.ChangeTracker.with (tsserver.js:110610:17)
    at Object.getCodeActions (tsserver.js:111950:64)
    at tsserver.js:111596:121
    at Object.flatMap (tsserver.js:571:25)
    at Object.getFixes (tsserver.js:111596:23)
    at tsserver.js:121245:35
    at Object.flatMap (tsserver.js:571:25)
    at Object.getCodeFixesAtPosition (tsserver.js:121243:23)
    at IOSession.Session.getCodeFixes (tsserver.js:130292:64)
    at Session.handlers.ts.createMapFromTemplate._a.(anonymous function) (tsserver.js:129048:61)
    at tsserver.js:130466:88
    at IOSession.Session.executeWithRequestId (tsserver.js:130457:28)
    at IOSession.Session.executeCommand (tsserver.js:130466:33)
    at IOSession.Session.onMessage (tsserver.js:130488:35)
    at Interface.<anonymous> (tsserver.js:131789:27)
    at Interface.emit (events.js:182:13)
    at Interface._onLine (readline.js:290:10)
    at Interface._normalWrite (readline.js:433:12)
    at Socket.ondata (readline.js:149:10)
    at Socket.emit (events.js:182:13)
    at addChunk (_stream_readable.js:279:12)
    at readableAddChunk (_stream_readable.js:264:11)
    at Socket.Readable.push (_stream_readable.js:219:10)
    at Pipe.onread (net.js:636:20)
	at Function.create (/usr/share/code/resources/app/extensions/typescript-language-features/dist/extension.js:1:176329)
	at v.dispatchResponse (/usr/share/code/resources/app/extensions/typescript-language-features/dist/extension.js:1:181697)
	at v.dispatchMessage (/usr/share/code/resources/app/extensions/typescript-language-features/dist/extension.js:1:180449)
	at constructor._reader.onData.e (/usr/share/code/resources/app/extensions/typescript-language-features/dist/extension.js:1:179805)
	at u.fire (/usr/share/code/resources/app/out/vs/workbench/services/extensions/node/extensionHostProcess.js:47:720)
	at t.Reader.onLengthData (/usr/share/code/resources/app/extensions/typescript-language-features/dist/extension.js:1:185678)
	at Socket.t.Reader.constructor.e.on.e (/usr/share/code/resources/app/extensions/typescript-language-features/dist/extension.js:1:185326)
	at Socket.emit (events.js:182:13)
	at addChunk (_stream_readable.js:279:12)
	at readableAddChunk (_stream_readable.js:264:11)
	at Socket.Readable.push (_stream_readable.js:219:10)
	at Pipe.onread (net.js:636:20)
