[2019-06-07 09:09:41.790] [renderer1] [error] Error: Error: ENOENT: no such file or directory, stat '/home/hiroshi/Projects/nest-condominios/.vscode'
[2019-06-07 09:37:29.217] [renderer1] [error] Error: Error: ENOENT: no such file or directory, stat '/home/hiroshi/Projects/etd/ETD_UI_REWORK/.vscode'
[2019-06-07 15:18:35.295] [renderer1] [error] Error: Error: ENOENT: no such file or directory, stat '/home/hiroshi/Projects/nest-condominios/.vscode'
[2019-06-08 06:27:19.088] [renderer1] [error] Unable to move/copy when source path is equal or parent of target path: Error: Unable to move/copy when source path is equal or parent of target path
    at b.<anonymous> (file:///usr/share/code/resources/app/out/vs/workbench/workbench.main.js:3316:930)
    at Generator.next (<anonymous>)
    at file:///usr/share/code/resources/app/out/vs/workbench/workbench.main.js:34:621
    at new Promise (<anonymous>)
    at n (file:///usr/share/code/resources/app/out/vs/workbench/workbench.main.js:34:398)
    at b.doValidateMoveCopy (file:///usr/share/code/resources/app/out/vs/workbench/workbench.main.js:3316:783)
    at b.<anonymous> (file:///usr/share/code/resources/app/out/vs/workbench/workbench.main.js:3315:395)
    at Generator.next (<anonymous>)
    at file:///usr/share/code/resources/app/out/vs/workbench/workbench.main.js:34:621
    at new Promise (<anonymous>)
    at n (file:///usr/share/code/resources/app/out/vs/workbench/workbench.main.js:34:398)
    at b.doMoveCopy (file:///usr/share/code/resources/app/out/vs/workbench/workbench.main.js:3315:320)
    at b.<anonymous> (file:///usr/share/code/resources/app/out/vs/workbench/workbench.main.js:3314:783)
    at Generator.next (<anonymous>)
    at r (file:///usr/share/code/resources/app/out/vs/workbench/workbench.main.js:34:454)
    at process._tickCallback (internal/process/next_tick.js:68:7)
[2019-06-08 06:27:37.735] [renderer1] [error] Unable to move/copy when source path is equal or parent of target path: Error: Unable to move/copy when source path is equal or parent of target path
    at b.<anonymous> (file:///usr/share/code/resources/app/out/vs/workbench/workbench.main.js:3316:930)
    at Generator.next (<anonymous>)
    at file:///usr/share/code/resources/app/out/vs/workbench/workbench.main.js:34:621
    at new Promise (<anonymous>)
    at n (file:///usr/share/code/resources/app/out/vs/workbench/workbench.main.js:34:398)
    at b.doValidateMoveCopy (file:///usr/share/code/resources/app/out/vs/workbench/workbench.main.js:3316:783)
    at b.<anonymous> (file:///usr/share/code/resources/app/out/vs/workbench/workbench.main.js:3315:395)
    at Generator.next (<anonymous>)
    at file:///usr/share/code/resources/app/out/vs/workbench/workbench.main.js:34:621
    at new Promise (<anonymous>)
    at n (file:///usr/share/code/resources/app/out/vs/workbench/workbench.main.js:34:398)
    at b.doMoveCopy (file:///usr/share/code/resources/app/out/vs/workbench/workbench.main.js:3315:320)
    at b.<anonymous> (file:///usr/share/code/resources/app/out/vs/workbench/workbench.main.js:3314:783)
    at Generator.next (<anonymous>)
    at r (file:///usr/share/code/resources/app/out/vs/workbench/workbench.main.js:34:454)
    at process._tickCallback (internal/process/next_tick.js:68:7)
[2019-06-08 06:29:45.151] [renderer1] [error] Data tree node not found: [object Object]: Error: Data tree node not found: [object Object]
    at Y.getDataNode (file:///usr/share/code/resources/app/out/vs/workbench/workbench.main.js:959:671)
    at Y.reveal (file:///usr/share/code/resources/app/out/vs/workbench/workbench.main.js:959:261)
    at e.<anonymous> (file:///usr/share/code/resources/app/out/vs/workbench/workbench.main.js:5278:341)
    at Generator.next (<anonymous>)
    at r (file:///usr/share/code/resources/app/out/vs/workbench/workbench.main.js:34:454)
[2019-06-08 06:29:51.587] [renderer1] [error] Data tree node not found: [object Object]: Error: Data tree node not found: [object Object]
    at Y.getDataNode (file:///usr/share/code/resources/app/out/vs/workbench/workbench.main.js:959:671)
    at Y.reveal (file:///usr/share/code/resources/app/out/vs/workbench/workbench.main.js:959:261)
    at e.<anonymous> (file:///usr/share/code/resources/app/out/vs/workbench/workbench.main.js:5278:341)
    at Generator.next (<anonymous>)
    at r (file:///usr/share/code/resources/app/out/vs/workbench/workbench.main.js:34:454)
[2019-06-08 06:29:54.171] [renderer1] [error] Data tree node not found: [object Object]: Error: Data tree node not found: [object Object]
    at Y.getDataNode (file:///usr/share/code/resources/app/out/vs/workbench/workbench.main.js:959:671)
    at Y.reveal (file:///usr/share/code/resources/app/out/vs/workbench/workbench.main.js:959:261)
    at e.<anonymous> (file:///usr/share/code/resources/app/out/vs/workbench/workbench.main.js:5278:341)
    at Generator.next (<anonymous>)
    at r (file:///usr/share/code/resources/app/out/vs/workbench/workbench.main.js:34:454)
[2019-06-08 06:52:12.424] [renderer1] [error] Data tree node not found: [object Object]: Error: Data tree node not found: [object Object]
    at Y.getDataNode (file:///usr/share/code/resources/app/out/vs/workbench/workbench.main.js:959:671)
    at Y.reveal (file:///usr/share/code/resources/app/out/vs/workbench/workbench.main.js:959:261)
    at e.<anonymous> (file:///usr/share/code/resources/app/out/vs/workbench/workbench.main.js:5278:341)
    at Generator.next (<anonymous>)
    at r (file:///usr/share/code/resources/app/out/vs/workbench/workbench.main.js:34:454)
